<?xml version="1.0" encoding="UTF-8"?>
<!-- Generated by org.testng.reporters.JUnitReportReporter -->
<testsuite hostname="vaishu.local" name="com.ticketfly.ticketfly.testscripts.TicketFlyTest" tests="1" failures="0" timestamp="6 Jul 2015 11:20:40 GMT" time="10.824" errors="0">
  <testcase name="searchAndCartATicket" time="10.824" classname="com.ticketfly.ticketfly.testscripts.TicketFlyTest"/>
</testsuite> <!-- com.ticketfly.ticketfly.testscripts.TicketFlyTest -->
