<?xml version="1.0" encoding="UTF-8"?>
<!-- Generated by org.testng.reporters.JUnitReportReporter -->
<testsuite hostname="vaishu.local" name="com.ticketfly.ticketfly.AppTest" tests="1" failures="0" timestamp="6 Jul 2015 11:20:40 GMT" time="0.001" errors="0">
  <testcase name="testApp" time="0.001" classname="com.ticketfly.ticketfly.AppTest"/>
</testsuite> <!-- com.ticketfly.ticketfly.AppTest -->
